<?xml version="1.0" encoding="UTF-8"?>
<testng-results ignored="0" total="1" passed="1" failed="0" skipped="0">
  <reporter-output>
    <line>
      <![CDATA[Dummy is executed]]>
    </line>
  </reporter-output>
  <suite started-at="2025-05-09T12:53:15 IST" name="RegressionSuite" finished-at="2025-05-09T12:53:21 IST" duration-ms="6481">
    <groups>
    </groups>
    <test started-at="2025-05-09T12:53:15 IST" name="Test" finished-at="2025-05-09T12:53:21 IST" duration-ms="6481">
      <class name="Dummy.DummyTest">
        <test-method signature="AddDummy()[pri:0, instance:Dummy.DummyTest@5c6648b0]" started-at="2025-05-09T12:53:15 IST" name="AddDummy" finished-at="2025-05-09T12:53:21 IST" duration-ms="6421" status="PASS">
          <reporter-output>
            <line>
              <![CDATA[Dummy is executed]]>
            </line>
          </reporter-output>
        </test-method> <!-- AddDummy -->
      </class> <!-- Dummy.DummyTest -->
    </test> <!-- Test -->
  </suite> <!-- RegressionSuite -->
</testng-results>
