<?xml version="1.0" encoding="UTF-8"?>
<testng-results ignored="0" total="1" passed="1" failed="0" skipped="0">
  <reporter-output>
    <line>
      <![CDATA[Dummy is executed]]>
    </line>
  </reporter-output>
  <suite started-at="2025-05-09T19:32:29 IST" name="Default suite" finished-at="2025-05-09T19:32:35 IST" duration-ms="6028">
    <groups>
    </groups>
    <test started-at="2025-05-09T19:32:29 IST" name="Default test" finished-at="2025-05-09T19:32:35 IST" duration-ms="6028">
      <class name="Dummy.DummyTest">
        <test-method signature="AddDummy()[pri:0, instance:Dummy.DummyTest@5c6648b0]" started-at="2025-05-09T19:32:29 IST" name="AddDummy" finished-at="2025-05-09T19:32:35 IST" duration-ms="5959" status="PASS">
          <reporter-output>
            <line>
              <![CDATA[Dummy is executed]]>
            </line>
          </reporter-output>
        </test-method> <!-- AddDummy -->
      </class> <!-- Dummy.DummyTest -->
    </test> <!-- Default test -->
  </suite> <!-- Default suite -->
</testng-results>
